
  .   ____          _            __ _ _
 /\\ / ___'_ __ _ _(_)_ __  __ _ \ \ \ \
( ( )\___ | '_ | '_| | '_ \/ _` | \ \ \ \
 \\/  ___)| |_)| | | | | || (_| |  ) ) ) )
  '  |____| .__|_| |_|_| |_\__, | / / / /
 =========|_|==============|___/=/_/_/_/

 :: Spring Boot ::                (v3.3.5)

2026-04-13T17:50:09.522+08:00  INFO 34720 --- [           main] c.e.l.LoginInterfaceApplication          : Starting LoginInterfaceApplication v0.0.1-SNAPSHOT using Java 21.0.8 with PID 34720 (D:\西大校园社交平台\login-interface-package\target\login-interface-package-0.0.1-SNAPSHOT.jar started by qzy06 in D:\西大校园社交平台\login-interface-package)
2026-04-13T17:50:09.524+08:00  INFO 34720 --- [           main] c.e.l.LoginInterfaceApplication          : No active profile set, falling back to 1 default profile: "default"
2026-04-13T17:50:10.165+08:00  INFO 34720 --- [           main] .s.d.r.c.RepositoryConfigurationDelegate : Bootstrapping Spring Data JPA repositories in DEFAULT mode.
2026-04-13T17:50:10.208+08:00  INFO 34720 --- [           main] .s.d.r.c.RepositoryConfigurationDelegate : Finished Spring Data repository scanning in 36 ms. Found 5 JPA repository interfaces.
2026-04-13T17:50:10.735+08:00  INFO 34720 --- [           main] o.s.b.w.embedded.tomcat.TomcatWebServer  : Tomcat initialized with port 8081 (http)
2026-04-13T17:50:10.751+08:00  INFO 34720 --- [           main] o.apache.catalina.core.StandardService   : Starting service [Tomcat]
2026-04-13T17:50:10.752+08:00  INFO 34720 --- [           main] o.apache.catalina.core.StandardEngine    : Starting Servlet engine: [Apache Tomcat/10.1.31]
2026-04-13T17:50:10.792+08:00  INFO 34720 --- [           main] o.a.c.c.C.[Tomcat].[localhost].[/]       : Initializing Spring embedded WebApplicationContext
2026-04-13T17:50:10.794+08:00  INFO 34720 --- [           main] w.s.c.ServletWebServerApplicationContext : Root WebApplicationContext: initialization completed in 1233 ms
2026-04-13T17:50:10.957+08:00  INFO 34720 --- [           main] o.hibernate.jpa.internal.util.LogHelper  : HHH000204: Processing PersistenceUnitInfo [name: default]
2026-04-13T17:50:11.027+08:00  INFO 34720 --- [           main] org.hibernate.Version                    : HHH000412: Hibernate ORM core version 6.5.3.Final
2026-04-13T17:50:11.061+08:00  INFO 34720 --- [           main] o.h.c.internal.RegionFactoryInitiator    : HHH000026: Second-level cache disabled
2026-04-13T17:50:11.271+08:00  INFO 34720 --- [           main] o.s.o.j.p.SpringPersistenceUnitInfo      : No LoadTimeWeaver setup: ignoring JPA class transformer
2026-04-13T17:50:11.292+08:00  INFO 34720 --- [           main] com.zaxxer.hikari.HikariDataSource       : HikariPool-1 - Starting...
2026-04-13T17:50:20.508+08:00  INFO 34720 --- [           main] com.zaxxer.hikari.pool.HikariPool        : HikariPool-1 - Added connection conn1: url=jdbc:h2:file:./data/login-interface-db user=SA
2026-04-13T17:50:20.510+08:00  INFO 34720 --- [           main] com.zaxxer.hikari.HikariDataSource       : HikariPool-1 - Start completed.
2026-04-13T17:50:21.325+08:00  INFO 34720 --- [           main] o.h.e.t.j.p.i.JtaPlatformInitiator       : HHH000489: No JTA platform available (set 'hibernate.transaction.jta.platform' to enable JTA platform integration)
2026-04-13T17:50:21.391+08:00  INFO 34720 --- [           main] j.LocalContainerEntityManagerFactoryBean : Initialized JPA EntityManagerFactory for persistence unit 'default'
2026-04-13T17:50:22.183+08:00  INFO 34720 --- [           main] r$InitializeUserDetailsManagerConfigurer : Global AuthenticationManager configured with UserDetailsService bean with name userDetailsService
2026-04-13T17:50:22.722+08:00  INFO 34720 --- [           main] o.s.b.w.embedded.tomcat.TomcatWebServer  : Tomcat started on port 8081 (http) with context path '/'
2026-04-13T17:50:22.737+08:00  INFO 34720 --- [           main] c.e.l.LoginInterfaceApplication          : Started LoginInterfaceApplication in 13.512 seconds (process running for 13.989)
2026-04-13T17:50:22.860+08:00  INFO 34720 --- [nio-8081-exec-1] o.a.c.c.C.[Tomcat].[localhost].[/]       : Initializing Spring DispatcherServlet 'dispatcherServlet'
2026-04-13T17:50:22.861+08:00  INFO 34720 --- [nio-8081-exec-1] o.s.web.servlet.DispatcherServlet        : Initializing Servlet 'dispatcherServlet'
2026-04-13T17:50:22.863+08:00  INFO 34720 --- [nio-8081-exec-1] o.s.web.servlet.DispatcherServlet        : Completed initialization in 2 ms
